<?xml version="1.0" encoding="UTF-8"?>
<!-- Generated by org.testng.reporters.JUnitReportReporter -->
<testsuite hostname="LAPTOP-M50BHIH0" failures="0" tests="1" name="runner.TestRunner" time="6.482" errors="1" timestamp="2023-12-23T18:51:58 IST" skipped="0">
  <testcase classname="runner.TestRunner" name="runScenario" time="6.482">
    <error message="Cannot invoke &quot;org.openqa.selenium.SearchContext.findElement(org.openqa.selenium.By)&quot; because &quot;this.searchContext&quot; is null" type="java.lang.NullPointerException">
      <![CDATA[java.lang.NullPointerException: Cannot invoke "org.openqa.selenium.SearchContext.findElement(org.openqa.selenium.By)" because "this.searchContext" is null
at org.openqa.selenium.support.pagefactory.DefaultElementLocator.findElement(DefaultElementLocator.java:68)
at org.openqa.selenium.support.pagefactory.internal.LocatingElementHandler.invoke(LocatingElementHandler.java:38)
at jdk.proxy2/jdk.proxy2.$Proxy23.click(Unknown Source)
at pages.RegisterPage.navigateTomyAccount(RegisterPage.java:55)
at stepdefinition.RegistrationSteps.the_user_click_on_my_account_drop_menu(RegistrationSteps.java:26)
at âœ½.the user clicks on My Account drop menu(file:///C:/Users/Aparna/eclipse-workspace/OpenCart/src/test/resources/features/Registration.feature:5)
]]>
    </error>
  </testcase> <!-- runScenario -->
  <system-out/>
</testsuite> <!-- runner.TestRunner -->
